#
# A fatal error has been detected by the Java Runtime Environment:
#
#  Internal Error (javaClasses.cpp:129), pid=6038, tid=3060669248
#  fatal error: Invalid layout of preloaded class
#
# JRE version: 7.0_21-b02
# Java VM: OpenJDK Server VM (23.7-b01 mixed mode linux-x86 )
# Failed to write core dump. Core dumps have been disabled. To enable core dumping, try "ulimit -c unlimited" before starting Java again
#
# If you would like to submit a bug report, please include
# instructions on how to reproduce the bug and visit:
#   https://bugs.launchpad.net/ubuntu/+source/openjdk-7/
#

---------------  T H R E A D  ---------------

Current thread (0xb6506800):  JavaThread "Unknown thread" [_thread_in_vm, id=6043, stack(0xb6691000,0xb66e2000)]

Stack: [0xb6691000,0xb66e2000]
[error occurred during error reporting (printing stack bounds), id 0xb]


[error occurred during error reporting (printing native stack), id 0xb]


---------------  P R O C E S S  ---------------

Java Threads: ( => current thread )

Other Threads:

=>0xb6506800 (exited) JavaThread "Unknown thread" [_thread_in_vm, id=6043, stack(0xb6691000,0xb66e2000)]

VM state:not at safepoint (not fully initialized)

VM Mutex/Monitor currently owned by a thread: None

GC Heap History (0 events):
No events

Deoptimization events (0 events):
No events

Internal exceptions (0 events):
No events

Events (10 events):
Event: 0.062 loading class 0xb6531890 done
Event: 0.062 loading class 0xb65311d0 done
Event: 0.062 loading class 0xb65311a8
Event: 0.062 loading class 0xb65511e8
Event: 0.062 loading class 0xb65511e8 done
Event: 0.062 loading class 0xb6551220
Event: 0.062 loading class 0xb6551220 done
Event: 0.062 loading class 0xb6551258
Event: 0.062 loading class 0xb6551258 done
Event: 0.062 loading class 0xb65311a8 done


Dynamic libraries:
08048000-08049000 r-xp 00000000 07:00 318747     /usr/lib/jvm/java-7-openjdk-i386/jre/bin/java
08049000-0804a000 r--p 00000000 07:00 318747     /usr/lib/jvm/java-7-openjdk-i386/jre/bin/java
0804a000-0804b000 rw-p 00001000 07:00 318747     /usr/lib/jvm/java-7-openjdk-i386/jre/bin/java
09bd6000-09bf7000 rw-p 00000000 00:00 0          [heap]
893c0000-8ae00000 rw-p 00000000 00:00 0 
8ae00000-8ae21000 rw-p 00000000 00:00 0 
8ae21000-8af00000 ---p 00000000 00:00 0 
8af11000-8af36000 rw-p 00000000 00:00 0 
8af36000-8b000000 r--s 011ad000 07:00 225897     /home/ngocthoaia1/Desktop/adt-bundle-linux-x86-20130917/sdk/platforms/android-18/android.jar
8b000000-8b021000 rw-p 00000000 00:00 0 
8b021000-8b100000 ---p 00000000 00:00 0 
8b112000-8b113000 ---p 00000000 00:00 0 
8b113000-8b193000 rw-p 00000000 00:00 0          [stack:6045]
8b193000-8b194000 ---p 00000000 00:00 0 
8b194000-8b21c000 rw-p 00000000 00:00 0          [stack:6044]
8b21c000-8b254000 rw-p 00000000 00:00 0 
8b254000-8b25f000 rw-p 00000000 00:00 0 
8b25f000-8b2ff000 rw-p 00000000 00:00 0 
8b2ff000-8b307000 rw-p 00000000 00:00 0 
8b307000-8b33f000 rw-p 00000000 00:00 0 
8b33f000-8b34a000 rw-p 00000000 00:00 0 
8b34a000-8b3e9000 rw-p 00000000 00:00 0 
8b3e9000-8b3ef000 rw-p 00000000 00:00 0 
8b3ef000-8b43f000 rw-p 00000000 00:00 0 
8b43f000-8c440000 rw-p 00000000 00:00 0 
8c440000-93440000 rw-p 00000000 00:00 0 
93440000-948f0000 rw-p 00000000 00:00 0 
948f0000-a89a0000 rw-p 00000000 00:00 0 
a89a0000-a93f0000 rw-p 00000000 00:00 0 
a93f0000-b3440000 rw-p 00000000 00:00 0 
b3440000-b3449000 rw-p 00000000 00:00 0 
b3449000-b3500000 rw-p 00000000 00:00 0 
b3500000-b3740000 rwxp 00000000 00:00 0 
b3740000-b655b000 rw-p 00000000 00:00 0 
b655b000-b6600000 ---p 00000000 00:00 0 
b660f000-b661a000 r-xp 00000000 07:00 134565     /lib/i386-linux-gnu/libnss_files-2.17.so
b661a000-b661b000 r--p 0000a000 07:00 134565     /lib/i386-linux-gnu/libnss_files-2.17.so
b661b000-b661c000 rw-p 0000b000 07:00 134565     /lib/i386-linux-gnu/libnss_files-2.17.so
b661c000-b6626000 r-xp 00000000 07:00 134569     /lib/i386-linux-gnu/libnss_nis-2.17.so
b6626000-b6627000 r--p 00009000 07:00 134569     /lib/i386-linux-gnu/libnss_nis-2.17.so
b6627000-b6628000 rw-p 0000a000 07:00 134569     /lib/i386-linux-gnu/libnss_nis-2.17.so
b6628000-b663d000 r-xp 00000000 07:00 134559     /lib/i386-linux-gnu/libnsl-2.17.so
b663d000-b663e000 r--p 00014000 07:00 134559     /lib/i386-linux-gnu/libnsl-2.17.so
b663e000-b663f000 rw-p 00015000 07:00 134559     /lib/i386-linux-gnu/libnsl-2.17.so
b663f000-b6641000 rw-p 00000000 00:00 0 
b6641000-b6648000 r-xp 00000000 07:00 134561     /lib/i386-linux-gnu/libnss_compat-2.17.so
b6648000-b6649000 r--p 00006000 07:00 134561     /lib/i386-linux-gnu/libnss_compat-2.17.so
b6649000-b664a000 rw-p 00007000 07:00 134561     /lib/i386-linux-gnu/libnss_compat-2.17.so
b664d000-b6655000 r-xp 00000000 07:00 320682     /usr/lib/jvm/java-7-openjdk-i386/jre/lib/i386/libzip.so
b6655000-b6656000 r--p 00007000 07:00 320682     /usr/lib/jvm/java-7-openjdk-i386/jre/lib/i386/libzip.so
b6656000-b6657000 rw-p 00008000 07:00 320682     /usr/lib/jvm/java-7-openjdk-i386/jre/lib/i386/libzip.so
b6657000-b665f000 rw-s 00000000 07:00 265        /tmp/hsperfdata_ngocthoaia1/6038
b665f000-b6686000 r-xp 00000000 07:00 319860     /usr/lib/jvm/java-7-openjdk-i386/jre/lib/i386/libjava.so
b6686000-b6687000 r--p 00026000 07:00 319860     /usr/lib/jvm/java-7-openjdk-i386/jre/lib/i386/libjava.so
b6687000-b6688000 rw-p 00027000 07:00 319860     /usr/lib/jvm/java-7-openjdk-i386/jre/lib/i386/libjava.so
b6688000-b668f000 r-xp 00000000 07:00 134612     /lib/i386-linux-gnu/librt-2.17.so
b668f000-b6690000 r--p 00006000 07:00 134612     /lib/i386-linux-gnu/librt-2.17.so
b6690000-b6691000 rw-p 00007000 07:00 134612     /lib/i386-linux-gnu/librt-2.17.so
b6691000-b6694000 ---p 00000000 00:00 0 
b6694000-b66e2000 rw-p 00000000 00:00 0          [stack:6043]
b66e2000-b66fd000 r-xp 00000000 07:00 134517     /lib/i386-linux-gnu/libgcc_s.so.1
b66fd000-b66fe000 r--p 0001a000 07:00 134517     /lib/i386-linux-gnu/libgcc_s.so.1
b66fe000-b66ff000 rw-p 0001b000 07:00 134517     /lib/i386-linux-gnu/libgcc_s.so.1
b66ff000-b6740000 r-xp 00000000 07:00 134540     /lib/i386-linux-gnu/libm-2.17.so
b6740000-b6741000 r--p 00040000 07:00 134540     /lib/i386-linux-gnu/libm-2.17.so
b6741000-b6742000 rw-p 00041000 07:00 134540     /lib/i386-linux-gnu/libm-2.17.so
b6742000-b681e000 r-xp 00000000 07:00 265900     /usr/lib/i386-linux-gnu/libstdc++.so.6.0.17
b681e000-b681f000 ---p 000dc000 07:00 265900     /usr/lib/i386-linux-gnu/libstdc++.so.6.0.17
b681f000-b6823000 r--p 000dc000 07:00 265900     /usr/lib/i386-linux-gnu/libstdc++.so.6.0.17
b6823000-b6824000 rw-p 000e0000 07:00 265900     /usr/lib/i386-linux-gnu/libstdc++.so.6.0.17
b6824000-b682b000 rw-p 00000000 00:00 0 
b682b000-b7120000 r-xp 00000000 07:00 320712     /usr/lib/jvm/java-7-openjdk-i386/jre/lib/i386/server/libjvm.so
b7120000-b7167000 r--p 008f4000 07:00 320712     /usr/lib/jvm/java-7-openjdk-i386/jre/lib/i386/server/libjvm.so
b7167000-b717b000 rw-p 0093b000 07:00 320712     /usr/lib/jvm/java-7-openjdk-i386/jre/lib/i386/server/libjvm.so
b717b000-b7599000 rw-p 00000000 00:00 0 
b7599000-b75b0000 r-xp 00000000 07:00 134645     /lib/i386-linux-gnu/libz.so.1.2.7
b75b0000-b75b1000 r--p 00016000 07:00 134645     /lib/i386-linux-gnu/libz.so.1.2.7
b75b1000-b75b2000 rw-p 00017000 07:00 134645     /lib/i386-linux-gnu/libz.so.1.2.7
b75b2000-b75c9000 r-xp 00000000 07:00 134604     /lib/i386-linux-gnu/libpthread-2.17.so
b75c9000-b75ca000 r--p 00016000 07:00 134604     /lib/i386-linux-gnu/libpthread-2.17.so
b75ca000-b75cb000 rw-p 00017000 07:00 134604     /lib/i386-linux-gnu/libpthread-2.17.so
b75cb000-b75cd000 rw-p 00000000 00:00 0 
b75cd000-b75d0000 r-xp 00000000 07:00 134507     /lib/i386-linux-gnu/libdl-2.17.so
b75d0000-b75d1000 r--p 00002000 07:00 134507     /lib/i386-linux-gnu/libdl-2.17.so
b75d1000-b75d2000 rw-p 00003000 07:00 134507     /lib/i386-linux-gnu/libdl-2.17.so
b75d2000-b777f000 r-xp 00000000 07:00 134492     /lib/i386-linux-gnu/libc-2.17.so
b777f000-b7781000 r--p 001ad000 07:00 134492     /lib/i386-linux-gnu/libc-2.17.so
b7781000-b7782000 rw-p 001af000 07:00 134492     /lib/i386-linux-gnu/libc-2.17.so
b7782000-b7785000 rw-p 00000000 00:00 0 
b7789000-b778a000 rw-p 00000000 00:00 0 
b778a000-b778b000 r--p 00000000 00:00 0 
b778b000-b7798000 r-xp 00000000 07:00 320729     /usr/lib/jvm/java-7-openjdk-i386/jre/lib/i386/libverify.so
b7798000-b7799000 r--p 0000d000 07:00 320729     /usr/lib/jvm/java-7-openjdk-i386/jre/lib/i386/libverify.so
b7799000-b779a000 rw-p 0000e000 07:00 320729     /usr/lib/jvm/java-7-openjdk-i386/jre/lib/i386/libverify.so
b779a000-b77a7000 r-xp 00000000 07:00 320705     /usr/lib/jvm/java-7-openjdk-i386/jre/lib/i386/jli/libjli.so
b77a7000-b77a8000 r--p 0000c000 07:00 320705     /usr/lib/jvm/java-7-openjdk-i386/jre/lib/i386/jli/libjli.so
b77a8000-b77a9000 rw-p 0000d000 07:00 320705     /usr/lib/jvm/java-7-openjdk-i386/jre/lib/i386/jli/libjli.so
b77a9000-b77ac000 rw-p 00000000 00:00 0 
b77ac000-b77ad000 r-xp 00000000 00:00 0          [vdso]
b77ad000-b77cd000 r-xp 00000000 07:00 134468     /lib/i386-linux-gnu/ld-2.17.so
b77cd000-b77ce000 r--p 0001f000 07:00 134468     /lib/i386-linux-gnu/ld-2.17.so
b77ce000-b77cf000 rw-p 00020000 07:00 134468     /lib/i386-linux-gnu/ld-2.17.so
bfc74000-bfc95000 rw-p 00000000 00:00 0          [stack]

VM Arguments:
jvm_args: -Dfile.encoding=UTF-8 -Xbootclasspath:/home/ngocthoaia1/Desktop/adt-bundle-linux-x86-20130917/sdk/platforms/android-18/android.jar 
java_command: vob.orm.TopicMapper
Launcher Type: SUN_STANDARD

Environment Variables:
JAVA_HOME=/usr/lib/jvm/java-6-openjdk-i386
PATH=/usr/lib/lightdm/lightdm:/usr/local/sbin:/usr/local/bin:/usr/sbin:/usr/bin:/sbin:/bin:/usr/games:/usr/local/games:/usr/lib/jvm/java-6-openjdk-i386/bin:/home/ngocthoaia1/Desktop/apache-maven-3.1.1/bin:/home/ngocthoaia1/Desktop/apache-servicemix-4.4.2/bin:/home/ngocthoaia1/Desktop/apache-maven-3.1.1/bin
LD_LIBRARY_PATH=/usr/lib/jvm/java-7-openjdk-i386/jre/lib/i386/server:/usr/lib/jvm/java-7-openjdk-i386/jre/lib/i386:/usr/lib/jvm/java-7-openjdk-i386/jre/../lib/i386:/usr/lib/jvm/java-7-openjdk-i386/jre/lib/i386/client:/usr/lib/jvm/java-7-openjdk-i386/jre/lib/i386:
SHELL=/bin/bash
DISPLAY=:0.0

Signal Handlers:
SIGSEGV: [libjvm.so+0x7598c0], sa_mask[0]=0x7ffbfeff, sa_flags=0x10000004
SIGBUS: [libjvm.so+0x7598c0], sa_mask[0]=0x7ffbfeff, sa_flags=0x10000004
SIGFPE: [libjvm.so+0x5f54f0], sa_mask[0]=0x7ffbfeff, sa_flags=0x10000004
SIGPIPE: [libjvm.so+0x5f54f0], sa_mask[0]=0x7ffbfeff, sa_flags=0x10000004
SIGXFSZ: [libjvm.so+0x5f54f0], sa_mask[0]=0x7ffbfeff, sa_flags=0x10000004
SIGILL: [libjvm.so+0x5f54f0], sa_mask[0]=0x7ffbfeff, sa_flags=0x10000004
SIGUSR1: SIG_DFL, sa_mask[0]=0x00000000, sa_flags=0x00000000
SIGUSR2: [libjvm.so+0x5f53a0], sa_mask[0]=0x00000004, sa_flags=0x10000004
SIGHUP: SIG_DFL, sa_mask[0]=0x00000000, sa_flags=0x00000000
SIGINT: SIG_DFL, sa_mask[0]=0x00000000, sa_flags=0x00000000
SIGTERM: SIG_DFL, sa_mask[0]=0x00000000, sa_flags=0x00000000
SIGQUIT: SIG_DFL, sa_mask[0]=0x00000000, sa_flags=0x00000000


---------------  S Y S T E M  ---------------

OS:Ubuntu 13.04 (raring)
uname:Linux 3.8.0-19-generic #29-Ubuntu SMP Wed Apr 17 18:19:42 UTC 2013 i686
libc:glibc 2.17 NPTL 2.17 
rlimit: STACK 8192k, CORE 0k, NPROC 15725, NOFILE 4096, AS infinity
load average:0.59 0.47 0.51

/proc/meminfo:
MemTotal:        2029304 kB
MemFree:          137424 kB
Buffers:          470484 kB
Cached:           643052 kB
SwapCached:        25108 kB
Active:           768600 kB
Inactive:        1049368 kB
Active(anon):     453560 kB
Inactive(anon):   557400 kB
Active(file):     315040 kB
Inactive(file):   491968 kB
Unevictable:        2648 kB
Mlocked:              32 kB
HighTotal:       1147652 kB
HighFree:          21936 kB
LowTotal:         881652 kB
LowFree:          115488 kB
SwapTotal:        262140 kB
SwapFree:         131080 kB
Dirty:               260 kB
Writeback:             0 kB
AnonPages:        686352 kB
Mapped:           134640 kB
Shmem:            303812 kB
Slab:              38640 kB
SReclaimable:      22368 kB
SUnreclaim:        16272 kB
KernelStack:        3984 kB
PageTables:        10072 kB
NFS_Unstable:          0 kB
Bounce:                0 kB
WritebackTmp:          0 kB
CommitLimit:     1276792 kB
Committed_AS:    4343300 kB
VmallocTotal:     122880 kB
VmallocUsed:       12932 kB
VmallocChunk:     108336 kB
HardwareCorrupted:     0 kB
AnonHugePages:         0 kB
HugePages_Total:       0
HugePages_Free:        0
HugePages_Rsvd:        0
HugePages_Surp:        0
Hugepagesize:       2048 kB
DirectMap4k:       10232 kB
DirectMap2M:      903168 kB


CPU:total 2 (2 cores per cpu, 1 threads per core) family 6 model 15 stepping 13, cmov, cx8, fxsr, mmx, sse, sse2, sse3, ssse3, tsc

/proc/cpuinfo:
processor	: 0
vendor_id	: GenuineIntel
cpu family	: 6
model		: 15
model name	: Intel(R) Core(TM)2 Duo CPU     T5870  @ 2.00GHz
stepping	: 13
microcode	: 0xa3
cpu MHz		: 2000.000
cache size	: 2048 KB
physical id	: 0
siblings	: 2
core id		: 0
cpu cores	: 2
apicid		: 0
initial apicid	: 0
fdiv_bug	: no
hlt_bug		: no
f00f_bug	: no
coma_bug	: no
fpu		: yes
fpu_exception	: yes
cpuid level	: 10
wp		: yes
flags		: fpu vme de pse tsc msr pae mce cx8 apic sep mtrr pge mca cmov pat pse36 clflush dts acpi mmx fxsr sse sse2 ss ht tm pbe nx lm constant_tsc arch_perfmon pebs bts aperfmperf pni dtes64 monitor ds_cpl est tm2 ssse3 cx16 xtpr pdcm lahf_lm ida dtherm
bogomips	: 3990.12
clflush size	: 64
cache_alignment	: 64
address sizes	: 36 bits physical, 48 bits virtual
power management:

processor	: 1
vendor_id	: GenuineIntel
cpu family	: 6
model		: 15
model name	: Intel(R) Core(TM)2 Duo CPU     T5870  @ 2.00GHz
stepping	: 13
microcode	: 0xa3
cpu MHz		: 2000.000
cache size	: 2048 KB
physical id	: 0
siblings	: 2
core id		: 1
cpu cores	: 2
apicid		: 1
initial apicid	: 1
fdiv_bug	: no
hlt_bug		: no
f00f_bug	: no
coma_bug	: no
fpu		: yes
fpu_exception	: yes
cpuid level	: 10
wp		: yes
flags		: fpu vme de pse tsc msr pae mce cx8 apic sep mtrr pge mca cmov pat pse36 clflush dts acpi mmx fxsr sse sse2 ss ht tm pbe nx lm constant_tsc arch_perfmon pebs bts aperfmperf pni dtes64 monitor ds_cpl est tm2 ssse3 cx16 xtpr pdcm lahf_lm ida dtherm
bogomips	: 3990.12
clflush size	: 64
cache_alignment	: 64
address sizes	: 36 bits physical, 48 bits virtual
power management:



Memory: 4k page, physical 2029304k(137424k free), swap 262140k(131080k free)

vm_info: OpenJDK Server VM (23.7-b01) for linux-x86 JRE (1.7.0_21-b02), built on Apr 22 2013 07:41:32 by "buildd" with gcc 4.7.3

time: Wed Nov  6 09:02:54 2013
elapsed time: 0 seconds

