#
# A fatal error has been detected by the Java Runtime Environment:
#
#  Internal Error (javaClasses.cpp:129), pid=6170, tid=3059850048
#  fatal error: Invalid layout of preloaded class
#
# JRE version: 7.0_21-b02
# Java VM: OpenJDK Server VM (23.7-b01 mixed mode linux-x86 )
# Failed to write core dump. Core dumps have been disabled. To enable core dumping, try "ulimit -c unlimited" before starting Java again
#
# If you would like to submit a bug report, please include
# instructions on how to reproduce the bug and visit:
#   https://bugs.launchpad.net/ubuntu/+source/openjdk-7/
#

---------------  T H R E A D  ---------------

Current thread (0xb6406800):  JavaThread "Unknown thread" [_thread_in_vm, id=6175, stack(0xb65c9000,0xb661a000)]

Stack: [0xb65c9000,0xb661a000]
[error occurred during error reporting (printing stack bounds), id 0xb]


[error occurred during error reporting (printing native stack), id 0xb]


---------------  P R O C E S S  ---------------

Java Threads: ( => current thread )

Other Threads:

=>0xb6406800 (exited) JavaThread "Unknown thread" [_thread_in_vm, id=6175, stack(0xb65c9000,0xb661a000)]

VM state:not at safepoint (not fully initialized)

VM Mutex/Monitor currently owned by a thread: None

GC Heap History (0 events):
No events

Deoptimization events (0 events):
No events

Internal exceptions (0 events):
No events

Events (10 events):
Event: 0.032 loading class 0xb6431890 done
Event: 0.032 loading class 0xb64311d0 done
Event: 0.032 loading class 0xb64311a8
Event: 0.033 loading class 0xb64511e8
Event: 0.033 loading class 0xb64511e8 done
Event: 0.033 loading class 0xb6451220
Event: 0.033 loading class 0xb6451220 done
Event: 0.033 loading class 0xb6451258
Event: 0.033 loading class 0xb6451258 done
Event: 0.033 loading class 0xb64311a8 done


Dynamic libraries:
08048000-08049000 r-xp 00000000 07:00 318747     /usr/lib/jvm/java-7-openjdk-i386/jre/bin/java
08049000-0804a000 r--p 00000000 07:00 318747     /usr/lib/jvm/java-7-openjdk-i386/jre/bin/java
0804a000-0804b000 rw-p 00001000 07:00 318747     /usr/lib/jvm/java-7-openjdk-i386/jre/bin/java
0939e000-093bf000 rw-p 00000000 00:00 0          [heap]
892c0000-8ad00000 rw-p 00000000 00:00 0 
8ad00000-8ad21000 rw-p 00000000 00:00 0 
8ad21000-8ae00000 ---p 00000000 00:00 0 
8ae36000-8af00000 r--s 011ad000 07:00 225897     /home/ngocthoaia1/Desktop/adt-bundle-linux-x86-20130917/sdk/platforms/android-18/android.jar
8af00000-8af21000 rw-p 00000000 00:00 0 
8af21000-8b000000 ---p 00000000 00:00 0 
8b02d000-8b052000 rw-p 00000000 00:00 0 
8b052000-8b053000 ---p 00000000 00:00 0 
8b053000-8b0d3000 rw-p 00000000 00:00 0          [stack:6177]
8b0d3000-8b0d4000 ---p 00000000 00:00 0 
8b0d4000-8b15f000 rw-p 00000000 00:00 0          [stack:6176]
8b15f000-8b1ff000 rw-p 00000000 00:00 0 
8b1ff000-8b207000 rw-p 00000000 00:00 0 
8b207000-8b23f000 rw-p 00000000 00:00 0 
8b23f000-8b24a000 rw-p 00000000 00:00 0 
8b24a000-8b2e9000 rw-p 00000000 00:00 0 
8b2e9000-8b2ef000 rw-p 00000000 00:00 0 
8b2ef000-8b33f000 rw-p 00000000 00:00 0 
8b33f000-8c340000 rw-p 00000000 00:00 0 
8c340000-93340000 rw-p 00000000 00:00 0 
93340000-947f0000 rw-p 00000000 00:00 0 
947f0000-a88a0000 rw-p 00000000 00:00 0 
a88a0000-a92f0000 rw-p 00000000 00:00 0 
a92f0000-b3340000 rw-p 00000000 00:00 0 
b3340000-b3349000 rw-p 00000000 00:00 0 
b3349000-b3400000 rw-p 00000000 00:00 0 
b3400000-b3640000 rwxp 00000000 00:00 0 
b3640000-b645b000 rw-p 00000000 00:00 0 
b645b000-b6500000 ---p 00000000 00:00 0 
b6507000-b650f000 rw-p 00000000 00:00 0 
b650f000-b6547000 rw-p 00000000 00:00 0 
b6547000-b6552000 r-xp 00000000 07:00 134565     /lib/i386-linux-gnu/libnss_files-2.17.so
b6552000-b6553000 r--p 0000a000 07:00 134565     /lib/i386-linux-gnu/libnss_files-2.17.so
b6553000-b6554000 rw-p 0000b000 07:00 134565     /lib/i386-linux-gnu/libnss_files-2.17.so
b6554000-b655e000 r-xp 00000000 07:00 134569     /lib/i386-linux-gnu/libnss_nis-2.17.so
b655e000-b655f000 r--p 00009000 07:00 134569     /lib/i386-linux-gnu/libnss_nis-2.17.so
b655f000-b6560000 rw-p 0000a000 07:00 134569     /lib/i386-linux-gnu/libnss_nis-2.17.so
b6560000-b6575000 r-xp 00000000 07:00 134559     /lib/i386-linux-gnu/libnsl-2.17.so
b6575000-b6576000 r--p 00014000 07:00 134559     /lib/i386-linux-gnu/libnsl-2.17.so
b6576000-b6577000 rw-p 00015000 07:00 134559     /lib/i386-linux-gnu/libnsl-2.17.so
b6577000-b6579000 rw-p 00000000 00:00 0 
b6579000-b6580000 r-xp 00000000 07:00 134561     /lib/i386-linux-gnu/libnss_compat-2.17.so
b6580000-b6581000 r--p 00006000 07:00 134561     /lib/i386-linux-gnu/libnss_compat-2.17.so
b6581000-b6582000 rw-p 00007000 07:00 134561     /lib/i386-linux-gnu/libnss_compat-2.17.so
b6585000-b658d000 r-xp 00000000 07:00 320682     /usr/lib/jvm/java-7-openjdk-i386/jre/lib/i386/libzip.so
b658d000-b658e000 r--p 00007000 07:00 320682     /usr/lib/jvm/java-7-openjdk-i386/jre/lib/i386/libzip.so
b658e000-b658f000 rw-p 00008000 07:00 320682     /usr/lib/jvm/java-7-openjdk-i386/jre/lib/i386/libzip.so
b658f000-b6597000 rw-s 00000000 07:00 58966      /tmp/hsperfdata_ngocthoaia1/6170
b6597000-b65be000 r-xp 00000000 07:00 319860     /usr/lib/jvm/java-7-openjdk-i386/jre/lib/i386/libjava.so
b65be000-b65bf000 r--p 00026000 07:00 319860     /usr/lib/jvm/java-7-openjdk-i386/jre/lib/i386/libjava.so
b65bf000-b65c0000 rw-p 00027000 07:00 319860     /usr/lib/jvm/java-7-openjdk-i386/jre/lib/i386/libjava.so
b65c0000-b65c7000 r-xp 00000000 07:00 134612     /lib/i386-linux-gnu/librt-2.17.so
b65c7000-b65c8000 r--p 00006000 07:00 134612     /lib/i386-linux-gnu/librt-2.17.so
b65c8000-b65c9000 rw-p 00007000 07:00 134612     /lib/i386-linux-gnu/librt-2.17.so
b65c9000-b65cc000 ---p 00000000 00:00 0 
b65cc000-b661a000 rw-p 00000000 00:00 0          [stack:6175]
b661a000-b6635000 r-xp 00000000 07:00 134517     /lib/i386-linux-gnu/libgcc_s.so.1
b6635000-b6636000 r--p 0001a000 07:00 134517     /lib/i386-linux-gnu/libgcc_s.so.1
b6636000-b6637000 rw-p 0001b000 07:00 134517     /lib/i386-linux-gnu/libgcc_s.so.1
b6637000-b6678000 r-xp 00000000 07:00 134540     /lib/i386-linux-gnu/libm-2.17.so
b6678000-b6679000 r--p 00040000 07:00 134540     /lib/i386-linux-gnu/libm-2.17.so
b6679000-b667a000 rw-p 00041000 07:00 134540     /lib/i386-linux-gnu/libm-2.17.so
b667a000-b6756000 r-xp 00000000 07:00 265900     /usr/lib/i386-linux-gnu/libstdc++.so.6.0.17
b6756000-b6757000 ---p 000dc000 07:00 265900     /usr/lib/i386-linux-gnu/libstdc++.so.6.0.17
b6757000-b675b000 r--p 000dc000 07:00 265900     /usr/lib/i386-linux-gnu/libstdc++.so.6.0.17
b675b000-b675c000 rw-p 000e0000 07:00 265900     /usr/lib/i386-linux-gnu/libstdc++.so.6.0.17
b675c000-b6763000 rw-p 00000000 00:00 0 
b6763000-b7058000 r-xp 00000000 07:00 320712     /usr/lib/jvm/java-7-openjdk-i386/jre/lib/i386/server/libjvm.so
b7058000-b709f000 r--p 008f4000 07:00 320712     /usr/lib/jvm/java-7-openjdk-i386/jre/lib/i386/server/libjvm.so
b709f000-b70b3000 rw-p 0093b000 07:00 320712     /usr/lib/jvm/java-7-openjdk-i386/jre/lib/i386/server/libjvm.so
b70b3000-b74d1000 rw-p 00000000 00:00 0 
b74d1000-b74e8000 r-xp 00000000 07:00 134645     /lib/i386-linux-gnu/libz.so.1.2.7
b74e8000-b74e9000 r--p 00016000 07:00 134645     /lib/i386-linux-gnu/libz.so.1.2.7
b74e9000-b74ea000 rw-p 00017000 07:00 134645     /lib/i386-linux-gnu/libz.so.1.2.7
b74ea000-b7501000 r-xp 00000000 07:00 134604     /lib/i386-linux-gnu/libpthread-2.17.so
b7501000-b7502000 r--p 00016000 07:00 134604     /lib/i386-linux-gnu/libpthread-2.17.so
b7502000-b7503000 rw-p 00017000 07:00 134604     /lib/i386-linux-gnu/libpthread-2.17.so
b7503000-b7505000 rw-p 00000000 00:00 0 
b7505000-b7508000 r-xp 00000000 07:00 134507     /lib/i386-linux-gnu/libdl-2.17.so
b7508000-b7509000 r--p 00002000 07:00 134507     /lib/i386-linux-gnu/libdl-2.17.so
b7509000-b750a000 rw-p 00003000 07:00 134507     /lib/i386-linux-gnu/libdl-2.17.so
b750a000-b76b7000 r-xp 00000000 07:00 134492     /lib/i386-linux-gnu/libc-2.17.so
b76b7000-b76b9000 r--p 001ad000 07:00 134492     /lib/i386-linux-gnu/libc-2.17.so
b76b9000-b76ba000 rw-p 001af000 07:00 134492     /lib/i386-linux-gnu/libc-2.17.so
b76ba000-b76bd000 rw-p 00000000 00:00 0 
b76c1000-b76c2000 rw-p 00000000 00:00 0 
b76c2000-b76c3000 r--p 00000000 00:00 0 
b76c3000-b76d0000 r-xp 00000000 07:00 320729     /usr/lib/jvm/java-7-openjdk-i386/jre/lib/i386/libverify.so
b76d0000-b76d1000 r--p 0000d000 07:00 320729     /usr/lib/jvm/java-7-openjdk-i386/jre/lib/i386/libverify.so
b76d1000-b76d2000 rw-p 0000e000 07:00 320729     /usr/lib/jvm/java-7-openjdk-i386/jre/lib/i386/libverify.so
b76d2000-b76df000 r-xp 00000000 07:00 320705     /usr/lib/jvm/java-7-openjdk-i386/jre/lib/i386/jli/libjli.so
b76df000-b76e0000 r--p 0000c000 07:00 320705     /usr/lib/jvm/java-7-openjdk-i386/jre/lib/i386/jli/libjli.so
b76e0000-b76e1000 rw-p 0000d000 07:00 320705     /usr/lib/jvm/java-7-openjdk-i386/jre/lib/i386/jli/libjli.so
b76e1000-b76e4000 rw-p 00000000 00:00 0 
b76e4000-b76e5000 r-xp 00000000 00:00 0          [vdso]
b76e5000-b7705000 r-xp 00000000 07:00 134468     /lib/i386-linux-gnu/ld-2.17.so
b7705000-b7706000 r--p 0001f000 07:00 134468     /lib/i386-linux-gnu/ld-2.17.so
b7706000-b7707000 rw-p 00020000 07:00 134468     /lib/i386-linux-gnu/ld-2.17.so
bff15000-bff36000 rw-p 00000000 00:00 0          [stack]

VM Arguments:
jvm_args: -Dfile.encoding=UTF-8 -Xbootclasspath:/home/ngocthoaia1/Desktop/adt-bundle-linux-x86-20130917/sdk/platforms/android-18/android.jar 
java_command: vob.orm.TopicMapper
Launcher Type: SUN_STANDARD

Environment Variables:
JAVA_HOME=/usr/lib/jvm/java-6-openjdk-i386
PATH=/usr/lib/lightdm/lightdm:/usr/local/sbin:/usr/local/bin:/usr/sbin:/usr/bin:/sbin:/bin:/usr/games:/usr/local/games:/usr/lib/jvm/java-6-openjdk-i386/bin:/home/ngocthoaia1/Desktop/apache-maven-3.1.1/bin:/home/ngocthoaia1/Desktop/apache-servicemix-4.4.2/bin:/home/ngocthoaia1/Desktop/apache-maven-3.1.1/bin
LD_LIBRARY_PATH=/usr/lib/jvm/java-7-openjdk-i386/jre/lib/i386/server:/usr/lib/jvm/java-7-openjdk-i386/jre/lib/i386:/usr/lib/jvm/java-7-openjdk-i386/jre/../lib/i386:/usr/lib/jvm/java-7-openjdk-i386/jre/lib/i386/client:/usr/lib/jvm/java-7-openjdk-i386/jre/lib/i386:
SHELL=/bin/bash
DISPLAY=:0.0

Signal Handlers:
SIGSEGV: [libjvm.so+0x7598c0], sa_mask[0]=0x7ffbfeff, sa_flags=0x10000004
SIGBUS: [libjvm.so+0x7598c0], sa_mask[0]=0x7ffbfeff, sa_flags=0x10000004
SIGFPE: [libjvm.so+0x5f54f0], sa_mask[0]=0x7ffbfeff, sa_flags=0x10000004
SIGPIPE: [libjvm.so+0x5f54f0], sa_mask[0]=0x7ffbfeff, sa_flags=0x10000004
SIGXFSZ: [libjvm.so+0x5f54f0], sa_mask[0]=0x7ffbfeff, sa_flags=0x10000004
SIGILL: [libjvm.so+0x5f54f0], sa_mask[0]=0x7ffbfeff, sa_flags=0x10000004
SIGUSR1: SIG_DFL, sa_mask[0]=0x00000000, sa_flags=0x00000000
SIGUSR2: [libjvm.so+0x5f53a0], sa_mask[0]=0x00000004, sa_flags=0x10000004
SIGHUP: SIG_DFL, sa_mask[0]=0x00000000, sa_flags=0x00000000
SIGINT: SIG_DFL, sa_mask[0]=0x00000000, sa_flags=0x00000000
SIGTERM: SIG_DFL, sa_mask[0]=0x00000000, sa_flags=0x00000000
SIGQUIT: SIG_DFL, sa_mask[0]=0x00000000, sa_flags=0x00000000


---------------  S Y S T E M  ---------------

OS:Ubuntu 13.04 (raring)
uname:Linux 3.8.0-19-generic #29-Ubuntu SMP Wed Apr 17 18:19:42 UTC 2013 i686
libc:glibc 2.17 NPTL 2.17 
rlimit: STACK 8192k, CORE 0k, NPROC 15725, NOFILE 4096, AS infinity
load average:2.34 1.41 0.90

/proc/meminfo:
MemTotal:        2029304 kB
MemFree:          136048 kB
Buffers:          250176 kB
Cached:           461068 kB
SwapCached:        13332 kB
Active:           942020 kB
Inactive:         877364 kB
Active(anon):     742376 kB
Inactive(anon):   674316 kB
Active(file):     199644 kB
Inactive(file):   203048 kB
Unevictable:        2648 kB
Mlocked:              32 kB
HighTotal:       1147652 kB
HighFree:          16604 kB
LowTotal:         881652 kB
LowFree:          119444 kB
SwapTotal:        262140 kB
SwapFree:         103612 kB
Dirty:               276 kB
Writeback:             0 kB
AnonPages:       1101712 kB
Mapped:            93876 kB
Shmem:            305852 kB
Slab:              37372 kB
SReclaimable:      21072 kB
SUnreclaim:        16300 kB
KernelStack:        4016 kB
PageTables:        11032 kB
NFS_Unstable:          0 kB
Bounce:                0 kB
WritebackTmp:          0 kB
CommitLimit:     1276792 kB
Committed_AS:    5154128 kB
VmallocTotal:     122880 kB
VmallocUsed:       12932 kB
VmallocChunk:     108336 kB
HardwareCorrupted:     0 kB
AnonHugePages:         0 kB
HugePages_Total:       0
HugePages_Free:        0
HugePages_Rsvd:        0
HugePages_Surp:        0
Hugepagesize:       2048 kB
DirectMap4k:       10232 kB
DirectMap2M:      903168 kB


CPU:total 2 (2 cores per cpu, 1 threads per core) family 6 model 15 stepping 13, cmov, cx8, fxsr, mmx, sse, sse2, sse3, ssse3, tsc

/proc/cpuinfo:
processor	: 0
vendor_id	: GenuineIntel
cpu family	: 6
model		: 15
model name	: Intel(R) Core(TM)2 Duo CPU     T5870  @ 2.00GHz
stepping	: 13
microcode	: 0xa3
cpu MHz		: 1600.000
cache size	: 2048 KB
physical id	: 0
siblings	: 2
core id		: 0
cpu cores	: 2
apicid		: 0
initial apicid	: 0
fdiv_bug	: no
hlt_bug		: no
f00f_bug	: no
coma_bug	: no
fpu		: yes
fpu_exception	: yes
cpuid level	: 10
wp		: yes
flags		: fpu vme de pse tsc msr pae mce cx8 apic sep mtrr pge mca cmov pat pse36 clflush dts acpi mmx fxsr sse sse2 ss ht tm pbe nx lm constant_tsc arch_perfmon pebs bts aperfmperf pni dtes64 monitor ds_cpl est tm2 ssse3 cx16 xtpr pdcm lahf_lm ida dtherm
bogomips	: 3990.12
clflush size	: 64
cache_alignment	: 64
address sizes	: 36 bits physical, 48 bits virtual
power management:

processor	: 1
vendor_id	: GenuineIntel
cpu family	: 6
model		: 15
model name	: Intel(R) Core(TM)2 Duo CPU     T5870  @ 2.00GHz
stepping	: 13
microcode	: 0xa3
cpu MHz		: 1600.000
cache size	: 2048 KB
physical id	: 0
siblings	: 2
core id		: 1
cpu cores	: 2
apicid		: 1
initial apicid	: 1
fdiv_bug	: no
hlt_bug		: no
f00f_bug	: no
coma_bug	: no
fpu		: yes
fpu_exception	: yes
cpuid level	: 10
wp		: yes
flags		: fpu vme de pse tsc msr pae mce cx8 apic sep mtrr pge mca cmov pat pse36 clflush dts acpi mmx fxsr sse sse2 ss ht tm pbe nx lm constant_tsc arch_perfmon pebs bts aperfmperf pni dtes64 monitor ds_cpl est tm2 ssse3 cx16 xtpr pdcm lahf_lm ida dtherm
bogomips	: 3990.12
clflush size	: 64
cache_alignment	: 64
address sizes	: 36 bits physical, 48 bits virtual
power management:



Memory: 4k page, physical 2029304k(136048k free), swap 262140k(103612k free)

vm_info: OpenJDK Server VM (23.7-b01) for linux-x86 JRE (1.7.0_21-b02), built on Apr 22 2013 07:41:32 by "buildd" with gcc 4.7.3

time: Wed Nov  6 09:07:48 2013
elapsed time: 0 seconds

