#
# A fatal error has been detected by the Java Runtime Environment:
#
#  Internal Error (javaClasses.cpp:129), pid=6159, tid=3060648768
#  fatal error: Invalid layout of preloaded class
#
# JRE version: 7.0_21-b02
# Java VM: OpenJDK Server VM (23.7-b01 mixed mode linux-x86 )
# Failed to write core dump. Core dumps have been disabled. To enable core dumping, try "ulimit -c unlimited" before starting Java again
#
# If you would like to submit a bug report, please include
# instructions on how to reproduce the bug and visit:
#   https://bugs.launchpad.net/ubuntu/+source/openjdk-7/
#

---------------  T H R E A D  ---------------

Current thread (0xb6506800):  JavaThread "Unknown thread" [_thread_in_vm, id=6166, stack(0xb668c000,0xb66dd000)]

Stack: [0xb668c000,0xb66dd000]
[error occurred during error reporting (printing stack bounds), id 0xb]


[error occurred during error reporting (printing native stack), id 0xb]


---------------  P R O C E S S  ---------------

Java Threads: ( => current thread )

Other Threads:

=>0xb6506800 (exited) JavaThread "Unknown thread" [_thread_in_vm, id=6166, stack(0xb668c000,0xb66dd000)]

VM state:not at safepoint (not fully initialized)

VM Mutex/Monitor currently owned by a thread: None

GC Heap History (0 events):
No events

Deoptimization events (0 events):
No events

Internal exceptions (0 events):
No events

Events (10 events):
Event: 0.832 loading class 0xb6531890 done
Event: 0.833 loading class 0xb65311d0 done
Event: 0.833 loading class 0xb65311a8
Event: 0.833 loading class 0xb65511e8
Event: 0.833 loading class 0xb65511e8 done
Event: 0.833 loading class 0xb6551220
Event: 0.833 loading class 0xb6551220 done
Event: 0.833 loading class 0xb6551258
Event: 0.833 loading class 0xb6551258 done
Event: 0.834 loading class 0xb65311a8 done


Dynamic libraries:
08048000-08049000 r-xp 00000000 07:00 318747     /usr/lib/jvm/java-7-openjdk-i386/jre/bin/java
08049000-0804a000 r--p 00000000 07:00 318747     /usr/lib/jvm/java-7-openjdk-i386/jre/bin/java
0804a000-0804b000 rw-p 00001000 07:00 318747     /usr/lib/jvm/java-7-openjdk-i386/jre/bin/java
0907a000-0909b000 rw-p 00000000 00:00 0          [heap]
893c0000-8ae00000 rw-p 00000000 00:00 0 
8ae00000-8ae21000 rw-p 00000000 00:00 0 
8ae21000-8af00000 ---p 00000000 00:00 0 
8af11000-8af36000 rw-p 00000000 00:00 0 
8af36000-8b000000 r--s 011ad000 07:00 225897     /home/ngocthoaia1/Desktop/adt-bundle-linux-x86-20130917/sdk/platforms/android-18/android.jar
8b000000-8b021000 rw-p 00000000 00:00 0 
8b021000-8b100000 ---p 00000000 00:00 0 
8b112000-8b113000 ---p 00000000 00:00 0 
8b113000-8b193000 rw-p 00000000 00:00 0          [stack:6168]
8b193000-8b194000 ---p 00000000 00:00 0 
8b194000-8b21c000 rw-p 00000000 00:00 0          [stack:6167]
8b21c000-8b254000 rw-p 00000000 00:00 0 
8b254000-8b25f000 rw-p 00000000 00:00 0 
8b25f000-8b2ff000 rw-p 00000000 00:00 0 
8b2ff000-8b307000 rw-p 00000000 00:00 0 
8b307000-8b33f000 rw-p 00000000 00:00 0 
8b33f000-8b34a000 rw-p 00000000 00:00 0 
8b34a000-8b3e9000 rw-p 00000000 00:00 0 
8b3e9000-8b3ef000 rw-p 00000000 00:00 0 
8b3ef000-8b43f000 rw-p 00000000 00:00 0 
8b43f000-8c440000 rw-p 00000000 00:00 0 
8c440000-93440000 rw-p 00000000 00:00 0 
93440000-948f0000 rw-p 00000000 00:00 0 
948f0000-a89a0000 rw-p 00000000 00:00 0 
a89a0000-a93f0000 rw-p 00000000 00:00 0 
a93f0000-b3440000 rw-p 00000000 00:00 0 
b3440000-b3449000 rw-p 00000000 00:00 0 
b3449000-b3500000 rw-p 00000000 00:00 0 
b3500000-b3740000 rwxp 00000000 00:00 0 
b3740000-b655b000 rw-p 00000000 00:00 0 
b655b000-b6600000 ---p 00000000 00:00 0 
b660a000-b6615000 r-xp 00000000 07:00 134565     /lib/i386-linux-gnu/libnss_files-2.17.so
b6615000-b6616000 r--p 0000a000 07:00 134565     /lib/i386-linux-gnu/libnss_files-2.17.so
b6616000-b6617000 rw-p 0000b000 07:00 134565     /lib/i386-linux-gnu/libnss_files-2.17.so
b6617000-b6621000 r-xp 00000000 07:00 134569     /lib/i386-linux-gnu/libnss_nis-2.17.so
b6621000-b6622000 r--p 00009000 07:00 134569     /lib/i386-linux-gnu/libnss_nis-2.17.so
b6622000-b6623000 rw-p 0000a000 07:00 134569     /lib/i386-linux-gnu/libnss_nis-2.17.so
b6623000-b6638000 r-xp 00000000 07:00 134559     /lib/i386-linux-gnu/libnsl-2.17.so
b6638000-b6639000 r--p 00014000 07:00 134559     /lib/i386-linux-gnu/libnsl-2.17.so
b6639000-b663a000 rw-p 00015000 07:00 134559     /lib/i386-linux-gnu/libnsl-2.17.so
b663a000-b663c000 rw-p 00000000 00:00 0 
b663c000-b6643000 r-xp 00000000 07:00 134561     /lib/i386-linux-gnu/libnss_compat-2.17.so
b6643000-b6644000 r--p 00006000 07:00 134561     /lib/i386-linux-gnu/libnss_compat-2.17.so
b6644000-b6645000 rw-p 00007000 07:00 134561     /lib/i386-linux-gnu/libnss_compat-2.17.so
b6648000-b6650000 r-xp 00000000 07:00 320682     /usr/lib/jvm/java-7-openjdk-i386/jre/lib/i386/libzip.so
b6650000-b6651000 r--p 00007000 07:00 320682     /usr/lib/jvm/java-7-openjdk-i386/jre/lib/i386/libzip.so
b6651000-b6652000 rw-p 00008000 07:00 320682     /usr/lib/jvm/java-7-openjdk-i386/jre/lib/i386/libzip.so
b6652000-b665a000 rw-s 00000000 07:00 58966      /tmp/hsperfdata_ngocthoaia1/6159
b665a000-b6681000 r-xp 00000000 07:00 319860     /usr/lib/jvm/java-7-openjdk-i386/jre/lib/i386/libjava.so
b6681000-b6682000 r--p 00026000 07:00 319860     /usr/lib/jvm/java-7-openjdk-i386/jre/lib/i386/libjava.so
b6682000-b6683000 rw-p 00027000 07:00 319860     /usr/lib/jvm/java-7-openjdk-i386/jre/lib/i386/libjava.so
b6683000-b668a000 r-xp 00000000 07:00 134612     /lib/i386-linux-gnu/librt-2.17.so
b668a000-b668b000 r--p 00006000 07:00 134612     /lib/i386-linux-gnu/librt-2.17.so
b668b000-b668c000 rw-p 00007000 07:00 134612     /lib/i386-linux-gnu/librt-2.17.so
b668c000-b668f000 ---p 00000000 00:00 0 
b668f000-b66dd000 rw-p 00000000 00:00 0          [stack:6166]
b66dd000-b66f8000 r-xp 00000000 07:00 134517     /lib/i386-linux-gnu/libgcc_s.so.1
b66f8000-b66f9000 r--p 0001a000 07:00 134517     /lib/i386-linux-gnu/libgcc_s.so.1
b66f9000-b66fa000 rw-p 0001b000 07:00 134517     /lib/i386-linux-gnu/libgcc_s.so.1
b66fa000-b673b000 r-xp 00000000 07:00 134540     /lib/i386-linux-gnu/libm-2.17.so
b673b000-b673c000 r--p 00040000 07:00 134540     /lib/i386-linux-gnu/libm-2.17.so
b673c000-b673d000 rw-p 00041000 07:00 134540     /lib/i386-linux-gnu/libm-2.17.so
b673d000-b6819000 r-xp 00000000 07:00 265900     /usr/lib/i386-linux-gnu/libstdc++.so.6.0.17
b6819000-b681a000 ---p 000dc000 07:00 265900     /usr/lib/i386-linux-gnu/libstdc++.so.6.0.17
b681a000-b681e000 r--p 000dc000 07:00 265900     /usr/lib/i386-linux-gnu/libstdc++.so.6.0.17
b681e000-b681f000 rw-p 000e0000 07:00 265900     /usr/lib/i386-linux-gnu/libstdc++.so.6.0.17
b681f000-b6826000 rw-p 00000000 00:00 0 
b6826000-b711b000 r-xp 00000000 07:00 320712     /usr/lib/jvm/java-7-openjdk-i386/jre/lib/i386/server/libjvm.so
b711b000-b7162000 r--p 008f4000 07:00 320712     /usr/lib/jvm/java-7-openjdk-i386/jre/lib/i386/server/libjvm.so
b7162000-b7176000 rw-p 0093b000 07:00 320712     /usr/lib/jvm/java-7-openjdk-i386/jre/lib/i386/server/libjvm.so
b7176000-b7594000 rw-p 00000000 00:00 0 
b7594000-b75ab000 r-xp 00000000 07:00 134645     /lib/i386-linux-gnu/libz.so.1.2.7
b75ab000-b75ac000 r--p 00016000 07:00 134645     /lib/i386-linux-gnu/libz.so.1.2.7
b75ac000-b75ad000 rw-p 00017000 07:00 134645     /lib/i386-linux-gnu/libz.so.1.2.7
b75ad000-b75c4000 r-xp 00000000 07:00 134604     /lib/i386-linux-gnu/libpthread-2.17.so
b75c4000-b75c5000 r--p 00016000 07:00 134604     /lib/i386-linux-gnu/libpthread-2.17.so
b75c5000-b75c6000 rw-p 00017000 07:00 134604     /lib/i386-linux-gnu/libpthread-2.17.so
b75c6000-b75c8000 rw-p 00000000 00:00 0 
b75c8000-b75cb000 r-xp 00000000 07:00 134507     /lib/i386-linux-gnu/libdl-2.17.so
b75cb000-b75cc000 r--p 00002000 07:00 134507     /lib/i386-linux-gnu/libdl-2.17.so
b75cc000-b75cd000 rw-p 00003000 07:00 134507     /lib/i386-linux-gnu/libdl-2.17.so
b75cd000-b777a000 r-xp 00000000 07:00 134492     /lib/i386-linux-gnu/libc-2.17.so
b777a000-b777c000 r--p 001ad000 07:00 134492     /lib/i386-linux-gnu/libc-2.17.so
b777c000-b777d000 rw-p 001af000 07:00 134492     /lib/i386-linux-gnu/libc-2.17.so
b777d000-b7780000 rw-p 00000000 00:00 0 
b7784000-b7785000 rw-p 00000000 00:00 0 
b7785000-b7786000 r--p 00000000 00:00 0 
b7786000-b7793000 r-xp 00000000 07:00 320729     /usr/lib/jvm/java-7-openjdk-i386/jre/lib/i386/libverify.so
b7793000-b7794000 r--p 0000d000 07:00 320729     /usr/lib/jvm/java-7-openjdk-i386/jre/lib/i386/libverify.so
b7794000-b7795000 rw-p 0000e000 07:00 320729     /usr/lib/jvm/java-7-openjdk-i386/jre/lib/i386/libverify.so
b7795000-b77a2000 r-xp 00000000 07:00 320705     /usr/lib/jvm/java-7-openjdk-i386/jre/lib/i386/jli/libjli.so
b77a2000-b77a3000 r--p 0000c000 07:00 320705     /usr/lib/jvm/java-7-openjdk-i386/jre/lib/i386/jli/libjli.so
b77a3000-b77a4000 rw-p 0000d000 07:00 320705     /usr/lib/jvm/java-7-openjdk-i386/jre/lib/i386/jli/libjli.so
b77a4000-b77a7000 rw-p 00000000 00:00 0 
b77a7000-b77a8000 r-xp 00000000 00:00 0          [vdso]
b77a8000-b77c8000 r-xp 00000000 07:00 134468     /lib/i386-linux-gnu/ld-2.17.so
b77c8000-b77c9000 r--p 0001f000 07:00 134468     /lib/i386-linux-gnu/ld-2.17.so
b77c9000-b77ca000 rw-p 00020000 07:00 134468     /lib/i386-linux-gnu/ld-2.17.so
bf82a000-bf84b000 rw-p 00000000 00:00 0          [stack]

VM Arguments:
jvm_args: -Dfile.encoding=UTF-8 -Xbootclasspath:/home/ngocthoaia1/Desktop/adt-bundle-linux-x86-20130917/sdk/platforms/android-18/android.jar 
java_command: vob.orm.TopicMapper
Launcher Type: SUN_STANDARD

Environment Variables:
JAVA_HOME=/usr/lib/jvm/java-6-openjdk-i386
PATH=/usr/lib/lightdm/lightdm:/usr/local/sbin:/usr/local/bin:/usr/sbin:/usr/bin:/sbin:/bin:/usr/games:/usr/local/games:/usr/lib/jvm/java-6-openjdk-i386/bin:/home/ngocthoaia1/Desktop/apache-maven-3.1.1/bin:/home/ngocthoaia1/Desktop/apache-servicemix-4.4.2/bin:/home/ngocthoaia1/Desktop/apache-maven-3.1.1/bin
LD_LIBRARY_PATH=/usr/lib/jvm/java-7-openjdk-i386/jre/lib/i386/server:/usr/lib/jvm/java-7-openjdk-i386/jre/lib/i386:/usr/lib/jvm/java-7-openjdk-i386/jre/../lib/i386:/usr/lib/jvm/java-7-openjdk-i386/jre/lib/i386/client:/usr/lib/jvm/java-7-openjdk-i386/jre/lib/i386:
SHELL=/bin/bash
DISPLAY=:0.0

Signal Handlers:
SIGSEGV: [libjvm.so+0x7598c0], sa_mask[0]=0x7ffbfeff, sa_flags=0x10000004
SIGBUS: [libjvm.so+0x7598c0], sa_mask[0]=0x7ffbfeff, sa_flags=0x10000004
SIGFPE: [libjvm.so+0x5f54f0], sa_mask[0]=0x7ffbfeff, sa_flags=0x10000004
SIGPIPE: [libjvm.so+0x5f54f0], sa_mask[0]=0x7ffbfeff, sa_flags=0x10000004
SIGXFSZ: [libjvm.so+0x5f54f0], sa_mask[0]=0x7ffbfeff, sa_flags=0x10000004
SIGILL: [libjvm.so+0x5f54f0], sa_mask[0]=0x7ffbfeff, sa_flags=0x10000004
SIGUSR1: SIG_DFL, sa_mask[0]=0x00000000, sa_flags=0x00000000
SIGUSR2: [libjvm.so+0x5f53a0], sa_mask[0]=0x00000004, sa_flags=0x10000004
SIGHUP: SIG_DFL, sa_mask[0]=0x00000000, sa_flags=0x00000000
SIGINT: SIG_DFL, sa_mask[0]=0x00000000, sa_flags=0x00000000
SIGTERM: SIG_DFL, sa_mask[0]=0x00000000, sa_flags=0x00000000
SIGQUIT: SIG_DFL, sa_mask[0]=0x00000000, sa_flags=0x00000000


---------------  S Y S T E M  ---------------

OS:Ubuntu 13.04 (raring)
uname:Linux 3.8.0-19-generic #29-Ubuntu SMP Wed Apr 17 18:19:42 UTC 2013 i686
libc:glibc 2.17 NPTL 2.17 
rlimit: STACK 8192k, CORE 0k, NPROC 15725, NOFILE 4096, AS infinity
load average:1.63 1.24 0.84

/proc/meminfo:
MemTotal:        2029304 kB
MemFree:          148996 kB
Buffers:          245548 kB
Cached:           465336 kB
SwapCached:        11752 kB
Active:           921636 kB
Inactive:         884404 kB
Active(anon):     718776 kB
Inactive(anon):   681372 kB
Active(file):     202860 kB
Inactive(file):   203032 kB
Unevictable:        2648 kB
Mlocked:              32 kB
HighTotal:       1147652 kB
HighFree:          28812 kB
LowTotal:         881652 kB
LowFree:          120184 kB
SwapTotal:        262140 kB
SwapFree:         111752 kB
Dirty:              6680 kB
Writeback:             0 kB
AnonPages:       1090232 kB
Mapped:            93732 kB
Shmem:            302268 kB
Slab:              37488 kB
SReclaimable:      21240 kB
SUnreclaim:        16248 kB
KernelStack:        4064 kB
PageTables:        11048 kB
NFS_Unstable:          0 kB
Bounce:                0 kB
WritebackTmp:          0 kB
CommitLimit:     1276792 kB
Committed_AS:    5150540 kB
VmallocTotal:     122880 kB
VmallocUsed:       12932 kB
VmallocChunk:     108336 kB
HardwareCorrupted:     0 kB
AnonHugePages:         0 kB
HugePages_Total:       0
HugePages_Free:        0
HugePages_Rsvd:        0
HugePages_Surp:        0
Hugepagesize:       2048 kB
DirectMap4k:       10232 kB
DirectMap2M:      903168 kB


CPU:total 2 (2 cores per cpu, 1 threads per core) family 6 model 15 stepping 13, cmov, cx8, fxsr, mmx, sse, sse2, sse3, ssse3, tsc

/proc/cpuinfo:
processor	: 0
vendor_id	: GenuineIntel
cpu family	: 6
model		: 15
model name	: Intel(R) Core(TM)2 Duo CPU     T5870  @ 2.00GHz
stepping	: 13
microcode	: 0xa3
cpu MHz		: 1600.000
cache size	: 2048 KB
physical id	: 0
siblings	: 2
core id		: 0
cpu cores	: 2
apicid		: 0
initial apicid	: 0
fdiv_bug	: no
hlt_bug		: no
f00f_bug	: no
coma_bug	: no
fpu		: yes
fpu_exception	: yes
cpuid level	: 10
wp		: yes
flags		: fpu vme de pse tsc msr pae mce cx8 apic sep mtrr pge mca cmov pat pse36 clflush dts acpi mmx fxsr sse sse2 ss ht tm pbe nx lm constant_tsc arch_perfmon pebs bts aperfmperf pni dtes64 monitor ds_cpl est tm2 ssse3 cx16 xtpr pdcm lahf_lm ida dtherm
bogomips	: 3990.12
clflush size	: 64
cache_alignment	: 64
address sizes	: 36 bits physical, 48 bits virtual
power management:

processor	: 1
vendor_id	: GenuineIntel
cpu family	: 6
model		: 15
model name	: Intel(R) Core(TM)2 Duo CPU     T5870  @ 2.00GHz
stepping	: 13
microcode	: 0xa3
cpu MHz		: 1600.000
cache size	: 2048 KB
physical id	: 0
siblings	: 2
core id		: 1
cpu cores	: 2
apicid		: 1
initial apicid	: 1
fdiv_bug	: no
hlt_bug		: no
f00f_bug	: no
coma_bug	: no
fpu		: yes
fpu_exception	: yes
cpuid level	: 10
wp		: yes
flags		: fpu vme de pse tsc msr pae mce cx8 apic sep mtrr pge mca cmov pat pse36 clflush dts acpi mmx fxsr sse sse2 ss ht tm pbe nx lm constant_tsc arch_perfmon pebs bts aperfmperf pni dtes64 monitor ds_cpl est tm2 ssse3 cx16 xtpr pdcm lahf_lm ida dtherm
bogomips	: 3990.12
clflush size	: 64
cache_alignment	: 64
address sizes	: 36 bits physical, 48 bits virtual
power management:



Memory: 4k page, physical 2029304k(148996k free), swap 262140k(111752k free)

vm_info: OpenJDK Server VM (23.7-b01) for linux-x86 JRE (1.7.0_21-b02), built on Apr 22 2013 07:41:32 by "buildd" with gcc 4.7.3

time: Wed Nov  6 09:07:40 2013
elapsed time: 0 seconds

