#
# A fatal error has been detected by the Java Runtime Environment:
#
#  Internal Error (javaClasses.cpp:129), pid=4507, tid=3060165440
#  fatal error: Invalid layout of preloaded class
#
# JRE version: 7.0_21-b02
# Java VM: OpenJDK Server VM (23.7-b01 mixed mode linux-x86 )
# Failed to write core dump. Core dumps have been disabled. To enable core dumping, try "ulimit -c unlimited" before starting Java again
#
# If you would like to submit a bug report, please include
# instructions on how to reproduce the bug and visit:
#   https://bugs.launchpad.net/ubuntu/+source/openjdk-7/
#

---------------  T H R E A D  ---------------

Current thread (0xb6506800):  JavaThread "Unknown thread" [_thread_in_vm, id=4513, stack(0xb6616000,0xb6667000)]

Stack: [0xb6616000,0xb6667000]
[error occurred during error reporting (printing stack bounds), id 0xb]


[error occurred during error reporting (printing native stack), id 0xb]


---------------  P R O C E S S  ---------------

Java Threads: ( => current thread )

Other Threads:

=>0xb6506800 (exited) JavaThread "Unknown thread" [_thread_in_vm, id=4513, stack(0xb6616000,0xb6667000)]

VM state:not at safepoint (not fully initialized)

VM Mutex/Monitor currently owned by a thread: None

GC Heap History (0 events):
No events

Deoptimization events (0 events):
No events

Internal exceptions (0 events):
No events

Events (10 events):
Event: 0.557 loading class 0xb6531890 done
Event: 0.557 loading class 0xb65311d0 done
Event: 0.557 loading class 0xb65311a8
Event: 0.557 loading class 0xb65511e8
Event: 0.557 loading class 0xb65511e8 done
Event: 0.557 loading class 0xb6551220
Event: 0.558 loading class 0xb6551220 done
Event: 0.558 loading class 0xb6551258
Event: 0.558 loading class 0xb6551258 done
Event: 0.558 loading class 0xb65311a8 done


Dynamic libraries:
08048000-08049000 r-xp 00000000 07:00 318747     /usr/lib/jvm/java-7-openjdk-i386/jre/bin/java
08049000-0804a000 r--p 00000000 07:00 318747     /usr/lib/jvm/java-7-openjdk-i386/jre/bin/java
0804a000-0804b000 rw-p 00001000 07:00 318747     /usr/lib/jvm/java-7-openjdk-i386/jre/bin/java
08d09000-08d2a000 rw-p 00000000 00:00 0          [heap]
892f6000-893c0000 r--s 011ad000 07:00 225897     /home/ngocthoaia1/Desktop/adt-bundle-linux-x86-20130917/sdk/platforms/android-18/android.jar
893c0000-8ae00000 rw-p 00000000 00:00 0 
8ae00000-8ae21000 rw-p 00000000 00:00 0 
8ae21000-8af00000 ---p 00000000 00:00 0 
8af5a000-8af7f000 rw-p 00000000 00:00 0 
8af7f000-8af80000 ---p 00000000 00:00 0 
8af80000-8b000000 rw-p 00000000 00:00 0          [stack:4515]
8b000000-8b021000 rw-p 00000000 00:00 0 
8b021000-8b100000 ---p 00000000 00:00 0 
8b123000-8b124000 ---p 00000000 00:00 0 
8b124000-8b1ac000 rw-p 00000000 00:00 0          [stack:4514]
8b1ac000-8b1e4000 rw-p 00000000 00:00 0 
8b1e4000-8b1ef000 rw-p 00000000 00:00 0 
8b1ef000-8b28f000 rw-p 00000000 00:00 0 
8b28f000-8b297000 rw-p 00000000 00:00 0 
8b297000-8b2cf000 rw-p 00000000 00:00 0 
8b2cf000-8b2da000 rw-p 00000000 00:00 0 
8b2da000-8b379000 rw-p 00000000 00:00 0 
8b379000-8b37f000 rw-p 00000000 00:00 0 
8b37f000-8b3cf000 rw-p 00000000 00:00 0 
8b3cf000-8c3d0000 rw-p 00000000 00:00 0 
8c3d0000-933d0000 rw-p 00000000 00:00 0 
933d0000-94880000 rw-p 00000000 00:00 0 
94880000-a8930000 rw-p 00000000 00:00 0 
a8930000-a9380000 rw-p 00000000 00:00 0 
a9380000-b33d0000 rw-p 00000000 00:00 0 
b33d0000-b33d9000 rw-p 00000000 00:00 0 
b33d9000-b3490000 rw-p 00000000 00:00 0 
b3490000-b36d0000 rwxp 00000000 00:00 0 
b36d0000-b6490000 rw-p 00000000 00:00 0 
b6490000-b649b000 r-xp 00000000 07:00 134565     /lib/i386-linux-gnu/libnss_files-2.17.so
b649b000-b649c000 r--p 0000a000 07:00 134565     /lib/i386-linux-gnu/libnss_files-2.17.so
b649c000-b649d000 rw-p 0000b000 07:00 134565     /lib/i386-linux-gnu/libnss_files-2.17.so
b649d000-b64a7000 r-xp 00000000 07:00 134569     /lib/i386-linux-gnu/libnss_nis-2.17.so
b64a7000-b64a8000 r--p 00009000 07:00 134569     /lib/i386-linux-gnu/libnss_nis-2.17.so
b64a8000-b64a9000 rw-p 0000a000 07:00 134569     /lib/i386-linux-gnu/libnss_nis-2.17.so
b64a9000-b64be000 r-xp 00000000 07:00 134559     /lib/i386-linux-gnu/libnsl-2.17.so
b64be000-b64bf000 r--p 00014000 07:00 134559     /lib/i386-linux-gnu/libnsl-2.17.so
b64bf000-b64c0000 rw-p 00015000 07:00 134559     /lib/i386-linux-gnu/libnsl-2.17.so
b64c0000-b64c2000 rw-p 00000000 00:00 0 
b64c5000-b64cd000 r-xp 00000000 07:00 320682     /usr/lib/jvm/java-7-openjdk-i386/jre/lib/i386/libzip.so
b64cd000-b64ce000 r--p 00007000 07:00 320682     /usr/lib/jvm/java-7-openjdk-i386/jre/lib/i386/libzip.so
b64ce000-b64cf000 rw-p 00008000 07:00 320682     /usr/lib/jvm/java-7-openjdk-i386/jre/lib/i386/libzip.so
b64cf000-b64d7000 rw-s 00000000 07:00 18829      /tmp/hsperfdata_ngocthoaia1/4507
b64d7000-b64fe000 r-xp 00000000 07:00 319860     /usr/lib/jvm/java-7-openjdk-i386/jre/lib/i386/libjava.so
b64fe000-b64ff000 r--p 00026000 07:00 319860     /usr/lib/jvm/java-7-openjdk-i386/jre/lib/i386/libjava.so
b64ff000-b6500000 rw-p 00027000 07:00 319860     /usr/lib/jvm/java-7-openjdk-i386/jre/lib/i386/libjava.so
b6500000-b655b000 rw-p 00000000 00:00 0 
b655b000-b6600000 ---p 00000000 00:00 0 
b6604000-b660b000 r-xp 00000000 07:00 134561     /lib/i386-linux-gnu/libnss_compat-2.17.so
b660b000-b660c000 r--p 00006000 07:00 134561     /lib/i386-linux-gnu/libnss_compat-2.17.so
b660c000-b660d000 rw-p 00007000 07:00 134561     /lib/i386-linux-gnu/libnss_compat-2.17.so
b660d000-b6614000 r-xp 00000000 07:00 134612     /lib/i386-linux-gnu/librt-2.17.so
b6614000-b6615000 r--p 00006000 07:00 134612     /lib/i386-linux-gnu/librt-2.17.so
b6615000-b6616000 rw-p 00007000 07:00 134612     /lib/i386-linux-gnu/librt-2.17.so
b6616000-b6619000 ---p 00000000 00:00 0 
b6619000-b6667000 rw-p 00000000 00:00 0          [stack:4513]
b6667000-b6682000 r-xp 00000000 07:00 134517     /lib/i386-linux-gnu/libgcc_s.so.1
b6682000-b6683000 r--p 0001a000 07:00 134517     /lib/i386-linux-gnu/libgcc_s.so.1
b6683000-b6684000 rw-p 0001b000 07:00 134517     /lib/i386-linux-gnu/libgcc_s.so.1
b6684000-b66c5000 r-xp 00000000 07:00 134540     /lib/i386-linux-gnu/libm-2.17.so
b66c5000-b66c6000 r--p 00040000 07:00 134540     /lib/i386-linux-gnu/libm-2.17.so
b66c6000-b66c7000 rw-p 00041000 07:00 134540     /lib/i386-linux-gnu/libm-2.17.so
b66c7000-b67a3000 r-xp 00000000 07:00 265900     /usr/lib/i386-linux-gnu/libstdc++.so.6.0.17
b67a3000-b67a4000 ---p 000dc000 07:00 265900     /usr/lib/i386-linux-gnu/libstdc++.so.6.0.17
b67a4000-b67a8000 r--p 000dc000 07:00 265900     /usr/lib/i386-linux-gnu/libstdc++.so.6.0.17
b67a8000-b67a9000 rw-p 000e0000 07:00 265900     /usr/lib/i386-linux-gnu/libstdc++.so.6.0.17
b67a9000-b67b0000 rw-p 00000000 00:00 0 
b67b0000-b70a5000 r-xp 00000000 07:00 320712     /usr/lib/jvm/java-7-openjdk-i386/jre/lib/i386/server/libjvm.so
b70a5000-b70ec000 r--p 008f4000 07:00 320712     /usr/lib/jvm/java-7-openjdk-i386/jre/lib/i386/server/libjvm.so
b70ec000-b7100000 rw-p 0093b000 07:00 320712     /usr/lib/jvm/java-7-openjdk-i386/jre/lib/i386/server/libjvm.so
b7100000-b751e000 rw-p 00000000 00:00 0 
b751e000-b7535000 r-xp 00000000 07:00 134645     /lib/i386-linux-gnu/libz.so.1.2.7
b7535000-b7536000 r--p 00016000 07:00 134645     /lib/i386-linux-gnu/libz.so.1.2.7
b7536000-b7537000 rw-p 00017000 07:00 134645     /lib/i386-linux-gnu/libz.so.1.2.7
b7537000-b754e000 r-xp 00000000 07:00 134604     /lib/i386-linux-gnu/libpthread-2.17.so
b754e000-b754f000 r--p 00016000 07:00 134604     /lib/i386-linux-gnu/libpthread-2.17.so
b754f000-b7550000 rw-p 00017000 07:00 134604     /lib/i386-linux-gnu/libpthread-2.17.so
b7550000-b7552000 rw-p 00000000 00:00 0 
b7552000-b7555000 r-xp 00000000 07:00 134507     /lib/i386-linux-gnu/libdl-2.17.so
b7555000-b7556000 r--p 00002000 07:00 134507     /lib/i386-linux-gnu/libdl-2.17.so
b7556000-b7557000 rw-p 00003000 07:00 134507     /lib/i386-linux-gnu/libdl-2.17.so
b7557000-b7704000 r-xp 00000000 07:00 134492     /lib/i386-linux-gnu/libc-2.17.so
b7704000-b7706000 r--p 001ad000 07:00 134492     /lib/i386-linux-gnu/libc-2.17.so
b7706000-b7707000 rw-p 001af000 07:00 134492     /lib/i386-linux-gnu/libc-2.17.so
b7707000-b770a000 rw-p 00000000 00:00 0 
b770e000-b770f000 rw-p 00000000 00:00 0 
b770f000-b7710000 r--p 00000000 00:00 0 
b7710000-b771d000 r-xp 00000000 07:00 320729     /usr/lib/jvm/java-7-openjdk-i386/jre/lib/i386/libverify.so
b771d000-b771e000 r--p 0000d000 07:00 320729     /usr/lib/jvm/java-7-openjdk-i386/jre/lib/i386/libverify.so
b771e000-b771f000 rw-p 0000e000 07:00 320729     /usr/lib/jvm/java-7-openjdk-i386/jre/lib/i386/libverify.so
b771f000-b772c000 r-xp 00000000 07:00 320705     /usr/lib/jvm/java-7-openjdk-i386/jre/lib/i386/jli/libjli.so
b772c000-b772d000 r--p 0000c000 07:00 320705     /usr/lib/jvm/java-7-openjdk-i386/jre/lib/i386/jli/libjli.so
b772d000-b772e000 rw-p 0000d000 07:00 320705     /usr/lib/jvm/java-7-openjdk-i386/jre/lib/i386/jli/libjli.so
b772e000-b7731000 rw-p 00000000 00:00 0 
b7731000-b7732000 r-xp 00000000 00:00 0          [vdso]
b7732000-b7752000 r-xp 00000000 07:00 134468     /lib/i386-linux-gnu/ld-2.17.so
b7752000-b7753000 r--p 0001f000 07:00 134468     /lib/i386-linux-gnu/ld-2.17.so
b7753000-b7754000 rw-p 00020000 07:00 134468     /lib/i386-linux-gnu/ld-2.17.so
bfd22000-bfd43000 rw-p 00000000 00:00 0          [stack]

VM Arguments:
jvm_args: -Dfile.encoding=UTF-8 -Xbootclasspath:/home/ngocthoaia1/Desktop/adt-bundle-linux-x86-20130917/sdk/platforms/android-18/android.jar 
java_command: vob.orm.TopicMapper
Launcher Type: SUN_STANDARD

Environment Variables:
JAVA_HOME=/usr/lib/jvm/java-6-openjdk-i386
PATH=/usr/lib/lightdm/lightdm:/usr/local/sbin:/usr/local/bin:/usr/sbin:/usr/bin:/sbin:/bin:/usr/games:/usr/local/games:/usr/lib/jvm/java-6-openjdk-i386/bin:/home/ngocthoaia1/Desktop/apache-maven-3.1.1/bin:/home/ngocthoaia1/Desktop/apache-servicemix-4.4.2/bin:/home/ngocthoaia1/Desktop/apache-maven-3.1.1/bin
LD_LIBRARY_PATH=/usr/lib/jvm/java-7-openjdk-i386/jre/lib/i386/server:/usr/lib/jvm/java-7-openjdk-i386/jre/lib/i386:/usr/lib/jvm/java-7-openjdk-i386/jre/../lib/i386:/usr/lib/jvm/java-7-openjdk-i386/jre/lib/i386/client:/usr/lib/jvm/java-7-openjdk-i386/jre/lib/i386:
SHELL=/bin/bash
DISPLAY=:0.0

Signal Handlers:
SIGSEGV: [libjvm.so+0x7598c0], sa_mask[0]=0x7ffbfeff, sa_flags=0x10000004
SIGBUS: [libjvm.so+0x7598c0], sa_mask[0]=0x7ffbfeff, sa_flags=0x10000004
SIGFPE: [libjvm.so+0x5f54f0], sa_mask[0]=0x7ffbfeff, sa_flags=0x10000004
SIGPIPE: [libjvm.so+0x5f54f0], sa_mask[0]=0x7ffbfeff, sa_flags=0x10000004
SIGXFSZ: [libjvm.so+0x5f54f0], sa_mask[0]=0x7ffbfeff, sa_flags=0x10000004
SIGILL: [libjvm.so+0x5f54f0], sa_mask[0]=0x7ffbfeff, sa_flags=0x10000004
SIGUSR1: SIG_DFL, sa_mask[0]=0x00000000, sa_flags=0x00000000
SIGUSR2: [libjvm.so+0x5f53a0], sa_mask[0]=0x00000004, sa_flags=0x10000004
SIGHUP: SIG_DFL, sa_mask[0]=0x00000000, sa_flags=0x00000000
SIGINT: SIG_DFL, sa_mask[0]=0x00000000, sa_flags=0x00000000
SIGTERM: SIG_DFL, sa_mask[0]=0x00000000, sa_flags=0x00000000
SIGQUIT: SIG_DFL, sa_mask[0]=0x00000000, sa_flags=0x00000000


---------------  S Y S T E M  ---------------

OS:Ubuntu 13.04 (raring)
uname:Linux 3.8.0-19-generic #29-Ubuntu SMP Wed Apr 17 18:19:42 UTC 2013 i686
libc:glibc 2.17 NPTL 2.17 
rlimit: STACK 8192k, CORE 0k, NPROC 15725, NOFILE 4096, AS infinity
load average:0.78 1.02 1.09

/proc/meminfo:
MemTotal:        2029304 kB
MemFree:          147720 kB
Buffers:          298936 kB
Cached:           462120 kB
SwapCached:        14572 kB
Active:           894964 kB
Inactive:         909296 kB
Active(anon):     628776 kB
Inactive(anon):   643392 kB
Active(file):     266188 kB
Inactive(file):   265904 kB
Unevictable:        2648 kB
Mlocked:              32 kB
HighTotal:       1147652 kB
HighFree:          28392 kB
LowTotal:         881652 kB
LowFree:          119328 kB
SwapTotal:        262140 kB
SwapFree:             12 kB
Dirty:               356 kB
Writeback:             0 kB
AnonPages:       1031396 kB
Mapped:           108272 kB
Shmem:            226288 kB
Slab:              42532 kB
SReclaimable:      23832 kB
SUnreclaim:        18700 kB
KernelStack:        4080 kB
PageTables:        10908 kB
NFS_Unstable:          0 kB
Bounce:                0 kB
WritebackTmp:          0 kB
CommitLimit:     1276792 kB
Committed_AS:    5016464 kB
VmallocTotal:     122880 kB
VmallocUsed:       12916 kB
VmallocChunk:     107988 kB
HardwareCorrupted:     0 kB
AnonHugePages:         0 kB
HugePages_Total:       0
HugePages_Free:        0
HugePages_Rsvd:        0
HugePages_Surp:        0
Hugepagesize:       2048 kB
DirectMap4k:       10232 kB
DirectMap2M:      903168 kB


CPU:total 2 (2 cores per cpu, 1 threads per core) family 6 model 15 stepping 13, cmov, cx8, fxsr, mmx, sse, sse2, sse3, ssse3, tsc

/proc/cpuinfo:
processor	: 0
vendor_id	: GenuineIntel
cpu family	: 6
model		: 15
model name	: Intel(R) Core(TM)2 Duo CPU     T5870  @ 2.00GHz
stepping	: 13
microcode	: 0xa3
cpu MHz		: 2000.000
cache size	: 2048 KB
physical id	: 0
siblings	: 2
core id		: 0
cpu cores	: 2
apicid		: 0
initial apicid	: 0
fdiv_bug	: no
hlt_bug		: no
f00f_bug	: no
coma_bug	: no
fpu		: yes
fpu_exception	: yes
cpuid level	: 10
wp		: yes
flags		: fpu vme de pse tsc msr pae mce cx8 apic sep mtrr pge mca cmov pat pse36 clflush dts acpi mmx fxsr sse sse2 ss ht tm pbe nx lm constant_tsc arch_perfmon pebs bts aperfmperf pni dtes64 monitor ds_cpl est tm2 ssse3 cx16 xtpr pdcm lahf_lm ida dtherm
bogomips	: 3990.25
clflush size	: 64
cache_alignment	: 64
address sizes	: 36 bits physical, 48 bits virtual
power management:

processor	: 1
vendor_id	: GenuineIntel
cpu family	: 6
model		: 15
model name	: Intel(R) Core(TM)2 Duo CPU     T5870  @ 2.00GHz
stepping	: 13
microcode	: 0xa3
cpu MHz		: 2000.000
cache size	: 2048 KB
physical id	: 0
siblings	: 2
core id		: 1
cpu cores	: 2
apicid		: 1
initial apicid	: 1
fdiv_bug	: no
hlt_bug		: no
f00f_bug	: no
coma_bug	: no
fpu		: yes
fpu_exception	: yes
cpuid level	: 10
wp		: yes
flags		: fpu vme de pse tsc msr pae mce cx8 apic sep mtrr pge mca cmov pat pse36 clflush dts acpi mmx fxsr sse sse2 ss ht tm pbe nx lm constant_tsc arch_perfmon pebs bts aperfmperf pni dtes64 monitor ds_cpl est tm2 ssse3 cx16 xtpr pdcm lahf_lm ida dtherm
bogomips	: 3990.25
clflush size	: 64
cache_alignment	: 64
address sizes	: 36 bits physical, 48 bits virtual
power management:



Memory: 4k page, physical 2029304k(147720k free), swap 262140k(12k free)

vm_info: OpenJDK Server VM (23.7-b01) for linux-x86 JRE (1.7.0_21-b02), built on Apr 22 2013 07:41:32 by "buildd" with gcc 4.7.3

time: Wed Nov  6 01:04:16 2013
elapsed time: 0 seconds

